This is pdfTeX, Version 3.141592653-2.6-1.40.22 (TeX Live 2021/Alpine Linux) (preloaded format=pdflatex 2022.9.8)  8 SEP 2022 12:25
entering extended mode
 restricted \write18 enabled.
 %&-line parsing enabled.
**tickets2.tex
(./tickets2.tex
LaTeX2e <2020-10-01> patch level 4
L3 programming layer <2021-02-18>

! LaTeX Error: File `standalone.cls' not found.

Type X to quit or <RETURN> to proceed,
or enter new name. (Default extension: cls)

Enter file name: 
! Emergency stop.
<read *> 
         
l.2 \usepackage
               [english, russian]{babel}^^M
*** (cannot \read from terminal in nonstop modes)

 
Here is how much of TeX's memory you used:
 21 strings out of 478994
 463 string characters out of 5864717
 283044 words of memory out of 5000000
 17605 multiletter control sequences out of 15000+600000
 403430 words of font info for 27 fonts, out of 8000000 for 9000
 1141 hyphenation exceptions out of 8191
 32i,0n,39p,83b,13s stack positions out of 5000i,500n,10000p,200000b,80000s
!  ==> Fatal error occurred, no output PDF file produced!
