This is pdfTeX, Version 3.141592653-2.6-1.40.24 (TeX Live 2022) (preloaded format=pdflatex 2022.5.21)  23 MAY 2022 22:19
entering extended mode
 restricted \write18 enabled.
 %&-line parsing enabled.
**tickets.tex
(./tickets.tex
LaTeX2e <2021-11-15> patch level 1
L3 programming layer <2022-02-24>
(/usr/local/texlive/2022/texmf-dist/tex/latex/base/article.cls
Document Class: article 2021/10/04 v1.4n Standard LaTeX document class
(/usr/local/texlive/2022/texmf-dist/tex/latex/base/size10.clo
File: size10.clo 2021/10/04 v1.4n Standard LaTeX file (size option)
)
\c@part=\count185
\c@section=\count186
\c@subsection=\count187
\c@subsubsection=\count188
\c@paragraph=\count189
\c@subparagraph=\count190
\c@figure=\count191
\c@table=\count192
\abovecaptionskip=\skip47
\belowcaptionskip=\skip48
\bibindent=\dimen138
)
(/usr/local/texlive/2022/texmf-dist/tex/generic/babel/babel.sty
Package: babel 2022/02/26 3.73 The Babel package
\babel@savecnt=\count193
\U@D=\dimen139
\l@unhyphenated=\language87

(/usr/local/texlive/2022/texmf-dist/tex/generic/babel/txtbabel.def)
\bbl@readstream=\read2
\bbl@dirlevel=\count194

(/usr/local/texlive/2022/texmf-dist/tex/generic/babel-english/english.ldf
Language: english 2017/06/06 v3.3r English support from the babel system
Package babel Info: Hyphen rules for 'canadian' set to \l@english
(babel)             (\language0). Reported on input line 102.
Package babel Info: Hyphen rules for 'australian' set to \l@ukenglish
(babel)             (\language21). Reported on input line 105.
Package babel Info: Hyphen rules for 'newzealand' set to \l@ukenglish
(babel)             (\language21). Reported on input line 108.
)
(/usr/local/texlive/2022/texmf-dist/tex/generic/babel-russian/russianb.ldf
File: russianb.ldf 2021/01/10 1.3m Russian support for the Babel system
Language: russian 2020/09/09 1.3k Russian support for the Babel system


Package babel Warning: No Cyrillic font encoding has been loaded so far.
(babel)                A font encoding should be declared before babel.
(babel)                Default `T2A' encoding will be loaded  on input line 78.


(/usr/local/texlive/2022/texmf-dist/tex/latex/cyrillic/t2aenc.def
File: t2aenc.def 2005/09/27 v1.0i Cyrillic encoding definition file
Now handling font encoding T2A ...
... processing UTF-8 mapping file for font encoding T2A

(/usr/local/texlive/2022/texmf-dist/tex/latex/base/t2aenc.dfu
File: t2aenc.dfu 2021/06/21 v1.2n UTF-8 support
   defining Unicode char U+00A4 (decimal 164)
   defining Unicode char U+00A7 (decimal 167)
   defining Unicode char U+00AB (decimal 171)
   defining Unicode char U+00BB (decimal 187)
   defining Unicode char U+0131 (decimal 305)
   defining Unicode char U+0237 (decimal 567)
   defining Unicode char U+0400 (decimal 1024)
   defining Unicode char U+0401 (decimal 1025)
   defining Unicode char U+0402 (decimal 1026)
   defining Unicode char U+0403 (decimal 1027)
   defining Unicode char U+0404 (decimal 1028)
   defining Unicode char U+0405 (decimal 1029)
   defining Unicode char U+0406 (decimal 1030)
   defining Unicode char U+0407 (decimal 1031)
   defining Unicode char U+0408 (decimal 1032)
   defining Unicode char U+0409 (decimal 1033)
   defining Unicode char U+040A (decimal 1034)
   defining Unicode char U+040B (decimal 1035)
   defining Unicode char U+040C (decimal 1036)
   defining Unicode char U+040D (decimal 1037)
   defining Unicode char U+040E (decimal 1038)
   defining Unicode char U+040F (decimal 1039)
   defining Unicode char U+0410 (decimal 1040)
   defining Unicode char U+0411 (decimal 1041)
   defining Unicode char U+0412 (decimal 1042)
   defining Unicode char U+0413 (decimal 1043)
   defining Unicode char U+0414 (decimal 1044)
   defining Unicode char U+0415 (decimal 1045)
   defining Unicode char U+0416 (decimal 1046)
   defining Unicode char U+0417 (decimal 1047)
   defining Unicode char U+0418 (decimal 1048)
   defining Unicode char U+0419 (decimal 1049)
   defining Unicode char U+041A (decimal 1050)
   defining Unicode char U+041B (decimal 1051)
   defining Unicode char U+041C (decimal 1052)
   defining Unicode char U+041D (decimal 1053)
   defining Unicode char U+041E (decimal 1054)
   defining Unicode char U+041F (decimal 1055)
   defining Unicode char U+0420 (decimal 1056)
   defining Unicode char U+0421 (decimal 1057)
   defining Unicode char U+0422 (decimal 1058)
   defining Unicode char U+0423 (decimal 1059)
   defining Unicode char U+0424 (decimal 1060)
   defining Unicode char U+0425 (decimal 1061)
   defining Unicode char U+0426 (decimal 1062)
   defining Unicode char U+0427 (decimal 1063)
   defining Unicode char U+0428 (decimal 1064)
   defining Unicode char U+0429 (decimal 1065)
   defining Unicode char U+042A (decimal 1066)
   defining Unicode char U+042B (decimal 1067)
   defining Unicode char U+042C (decimal 1068)
   defining Unicode char U+042D (decimal 1069)
   defining Unicode char U+042E (decimal 1070)
   defining Unicode char U+042F (decimal 1071)
   defining Unicode char U+0430 (decimal 1072)
   defining Unicode char U+0431 (decimal 1073)
   defining Unicode char U+0432 (decimal 1074)
   defining Unicode char U+0433 (decimal 1075)
   defining Unicode char U+0434 (decimal 1076)
   defining Unicode char U+0435 (decimal 1077)
   defining Unicode char U+0436 (decimal 1078)
   defining Unicode char U+0437 (decimal 1079)
   defining Unicode char U+0438 (decimal 1080)
   defining Unicode char U+0439 (decimal 1081)
   defining Unicode char U+043A (decimal 1082)
   defining Unicode char U+043B (decimal 1083)
   defining Unicode char U+043C (decimal 1084)
   defining Unicode char U+043D (decimal 1085)
   defining Unicode char U+043E (decimal 1086)
   defining Unicode char U+043F (decimal 1087)
   defining Unicode char U+0440 (decimal 1088)
   defining Unicode char U+0441 (decimal 1089)
   defining Unicode char U+0442 (decimal 1090)
   defining Unicode char U+0443 (decimal 1091)
   defining Unicode char U+0444 (decimal 1092)
   defining Unicode char U+0445 (decimal 1093)
   defining Unicode char U+0446 (decimal 1094)
   defining Unicode char U+0447 (decimal 1095)
   defining Unicode char U+0448 (decimal 1096)
   defining Unicode char U+0449 (decimal 1097)
   defining Unicode char U+044A (decimal 1098)
   defining Unicode char U+044B (decimal 1099)
   defining Unicode char U+044C (decimal 1100)
   defining Unicode char U+044D (decimal 1101)
   defining Unicode char U+044E (decimal 1102)
   defining Unicode char U+044F (decimal 1103)
   defining Unicode char U+0450 (decimal 1104)
   defining Unicode char U+0451 (decimal 1105)
   defining Unicode char U+0452 (decimal 1106)
   defining Unicode char U+0453 (decimal 1107)
   defining Unicode char U+0454 (decimal 1108)
   defining Unicode char U+0455 (decimal 1109)
   defining Unicode char U+0456 (decimal 1110)
   defining Unicode char U+0457 (decimal 1111)
   defining Unicode char U+0458 (decimal 1112)
   defining Unicode char U+0459 (decimal 1113)
   defining Unicode char U+045A (decimal 1114)
   defining Unicode char U+045B (decimal 1115)
   defining Unicode char U+045C (decimal 1116)
   defining Unicode char U+045D (decimal 1117)
   defining Unicode char U+045E (decimal 1118)
   defining Unicode char U+045F (decimal 1119)
   defining Unicode char U+0490 (decimal 1168)
   defining Unicode char U+0491 (decimal 1169)
   defining Unicode char U+0492 (decimal 1170)
   defining Unicode char U+0493 (decimal 1171)
   defining Unicode char U+0496 (decimal 1174)
   defining Unicode char U+0497 (decimal 1175)
   defining Unicode char U+0498 (decimal 1176)
   defining Unicode char U+0499 (decimal 1177)
   defining Unicode char U+049A (decimal 1178)
   defining Unicode char U+049B (decimal 1179)
   defining Unicode char U+049C (decimal 1180)
   defining Unicode char U+049D (decimal 1181)
   defining Unicode char U+04A0 (decimal 1184)
   defining Unicode char U+04A1 (decimal 1185)
   defining Unicode char U+04A2 (decimal 1186)
   defining Unicode char U+04A3 (decimal 1187)
   defining Unicode char U+04A4 (decimal 1188)
   defining Unicode char U+04A5 (decimal 1189)
   defining Unicode char U+04AA (decimal 1194)
   defining Unicode char U+04AB (decimal 1195)
   defining Unicode char U+04AE (decimal 1198)
   defining Unicode char U+04AF (decimal 1199)
   defining Unicode char U+04B0 (decimal 1200)
   defining Unicode char U+04B1 (decimal 1201)
   defining Unicode char U+04B2 (decimal 1202)
   defining Unicode char U+04B3 (decimal 1203)
   defining Unicode char U+04B6 (decimal 1206)
   defining Unicode char U+04B7 (decimal 1207)
   defining Unicode char U+04B8 (decimal 1208)
   defining Unicode char U+04B9 (decimal 1209)
   defining Unicode char U+04BA (decimal 1210)
   defining Unicode char U+04BB (decimal 1211)
   defining Unicode char U+04C0 (decimal 1216)
   defining Unicode char U+04C1 (decimal 1217)
   defining Unicode char U+04C2 (decimal 1218)
   defining Unicode char U+04D0 (decimal 1232)
   defining Unicode char U+04D1 (decimal 1233)
   defining Unicode char U+04D2 (decimal 1234)
   defining Unicode char U+04D3 (decimal 1235)
   defining Unicode char U+04D4 (decimal 1236)
   defining Unicode char U+04D5 (decimal 1237)
   defining Unicode char U+04D6 (decimal 1238)
   defining Unicode char U+04D7 (decimal 1239)
   defining Unicode char U+04D8 (decimal 1240)
   defining Unicode char U+04D9 (decimal 1241)
   defining Unicode char U+04DA (decimal 1242)
   defining Unicode char U+04DB (decimal 1243)
   defining Unicode char U+04DC (decimal 1244)
   defining Unicode char U+04DD (decimal 1245)
   defining Unicode char U+04DE (decimal 1246)
   defining Unicode char U+04DF (decimal 1247)
   defining Unicode char U+04E2 (decimal 1250)
   defining Unicode char U+04E3 (decimal 1251)
   defining Unicode char U+04E4 (decimal 1252)
   defining Unicode char U+04E5 (decimal 1253)
   defining Unicode char U+04E6 (decimal 1254)
   defining Unicode char U+04E7 (decimal 1255)
   defining Unicode char U+04E8 (decimal 1256)
   defining Unicode char U+04E9 (decimal 1257)
   defining Unicode char U+04EC (decimal 1260)
   defining Unicode char U+04ED (decimal 1261)
   defining Unicode char U+04EE (decimal 1262)
   defining Unicode char U+04EF (decimal 1263)
   defining Unicode char U+04F0 (decimal 1264)
   defining Unicode char U+04F1 (decimal 1265)
   defining Unicode char U+04F2 (decimal 1266)
   defining Unicode char U+04F3 (decimal 1267)
   defining Unicode char U+04F4 (decimal 1268)
   defining Unicode char U+04F5 (decimal 1269)
   defining Unicode char U+04F8 (decimal 1272)
   defining Unicode char U+04F9 (decimal 1273)
   defining Unicode char U+200C (decimal 8204)
   defining Unicode char U+2013 (decimal 8211)
   defining Unicode char U+2014 (decimal 8212)
   defining Unicode char U+2018 (decimal 8216)
   defining Unicode char U+2019 (decimal 8217)
   defining Unicode char U+201C (decimal 8220)
   defining Unicode char U+201D (decimal 8221)
   defining Unicode char U+201E (decimal 8222)
   defining Unicode char U+2030 (decimal 8240)
   defining Unicode char U+2031 (decimal 8241)
   defining Unicode char U+2116 (decimal 8470)
   defining Unicode char U+2329 (decimal 9001)
   defining Unicode char U+232A (decimal 9002)
   defining Unicode char U+2423 (decimal 9251)
   defining Unicode char U+27E8 (decimal 10216)
   defining Unicode char U+27E9 (decimal 10217)
   defining Unicode char U+FB00 (decimal 64256)
   defining Unicode char U+FB01 (decimal 64257)
   defining Unicode char U+FB02 (decimal 64258)
   defining Unicode char U+FB03 (decimal 64259)
   defining Unicode char U+FB04 (decimal 64260)
   defining Unicode char U+FB05 (decimal 64261)
   defining Unicode char U+FB06 (decimal 64262)
))
Package babel Info: Making " an active character on input line 124.
Package babel Info: Default for \cyrdash is provided on input line 163.
))
(/usr/local/texlive/2022/texmf-dist/tex/latex/amsmath/amsmath.sty
Package: amsmath 2021/10/15 v2.17l AMS math features
\@mathmargin=\skip49

For additional information on amsmath, use the `?' option.
(/usr/local/texlive/2022/texmf-dist/tex/latex/amsmath/amstext.sty
Package: amstext 2021/08/26 v2.01 AMS text

(/usr/local/texlive/2022/texmf-dist/tex/latex/amsmath/amsgen.sty
File: amsgen.sty 1999/11/30 v2.0 generic functions
\@emptytoks=\toks16
\ex@=\dimen140
))
(/usr/local/texlive/2022/texmf-dist/tex/latex/amsmath/amsbsy.sty
Package: amsbsy 1999/11/29 v1.2d Bold Symbols
\pmbraise@=\dimen141
)
(/usr/local/texlive/2022/texmf-dist/tex/latex/amsmath/amsopn.sty
Package: amsopn 2021/08/26 v2.02 operator names
)
\inf@bad=\count195
LaTeX Info: Redefining \frac on input line 234.
\uproot@=\count196
\leftroot@=\count197
LaTeX Info: Redefining \overline on input line 399.
\classnum@=\count198
\DOTSCASE@=\count199
LaTeX Info: Redefining \ldots on input line 496.
LaTeX Info: Redefining \dots on input line 499.
LaTeX Info: Redefining \cdots on input line 620.
\Mathstrutbox@=\box50
\strutbox@=\box51
\big@size=\dimen142
LaTeX Font Info:    Redeclaring font encoding OML on input line 743.
LaTeX Font Info:    Redeclaring font encoding OMS on input line 744.
\macc@depth=\count266
\c@MaxMatrixCols=\count267
\dotsspace@=\muskip16
\c@parentequation=\count268
\dspbrk@lvl=\count269
\tag@help=\toks17
\row@=\count270
\column@=\count271
\maxfields@=\count272
\andhelp@=\toks18
\eqnshift@=\dimen143
\alignsep@=\dimen144
\tagshift@=\dimen145
\tagwidth@=\dimen146
\totwidth@=\dimen147
\lineht@=\dimen148
\@envbody=\toks19
\multlinegap=\skip50
\multlinetaggap=\skip51
\mathdisplay@stack=\toks20
LaTeX Info: Redefining \[ on input line 2938.
LaTeX Info: Redefining \] on input line 2939.
)
(/usr/local/texlive/2022/texmf-dist/tex/latex/amsfonts/amssymb.sty
Package: amssymb 2013/01/14 v3.01 AMS font symbols

(/usr/local/texlive/2022/texmf-dist/tex/latex/amsfonts/amsfonts.sty
Package: amsfonts 2013/01/14 v3.01 Basic AMSFonts support
\symAMSa=\mathgroup4
\symAMSb=\mathgroup5
LaTeX Font Info:    Redeclaring math symbol \hbar on input line 98.
LaTeX Font Info:    Overwriting math alphabet `\mathfrak' in version `bold'
(Font)                  U/euf/m/n --> U/euf/b/n on input line 106.
))
(/usr/local/texlive/2022/texmf-dist/tex/latex/chngcntr/chngcntr.sty
Package: chngcntr 2018/04/09 v1.1a change counter resetting
Package chngcntr Info: \counterwithout already defined.
(chngcntr)             Quitting chngcntr on input line 21.
)
(/usr/local/texlive/2022/texmf-dist/tex/latex/graphics/color.sty
Package: color 2021/12/07 v1.3c Standard LaTeX Color (DPC)

(/usr/local/texlive/2022/texmf-dist/tex/latex/graphics-cfg/color.cfg
File: color.cfg 2016/01/02 v1.6 sample color configuration
)
Package color Info: Driver file: pdftex.def on input line 149.

(/usr/local/texlive/2022/texmf-dist/tex/latex/graphics-def/pdftex.def
File: pdftex.def 2020/10/05 v1.2a Graphics/color driver for pdftex
))
(/usr/local/texlive/2022/texmf-dist/tex/generic/ulem/ulem.sty
\UL@box=\box52
\UL@hyphenbox=\box53
\UL@skip=\skip52
\UL@hook=\toks21
\UL@height=\dimen149
\UL@pe=\count273
\UL@pixel=\dimen150
\ULC@box=\box54
Package: ulem 2019/11/18
\ULdepth=\dimen151
)
(/usr/local/texlive/2022/texmf-dist/tex/latex/hyperref/hyperref.sty
Package: hyperref 2022-02-21 v7.00n Hypertext links for LaTeX

(/usr/local/texlive/2022/texmf-dist/tex/generic/ltxcmds/ltxcmds.sty
Package: ltxcmds 2020-05-10 v1.25 LaTeX kernel commands for general use (HO)
)
(/usr/local/texlive/2022/texmf-dist/tex/generic/iftex/iftex.sty
Package: iftex 2022/02/03 v1.0f TeX engine tests
)
(/usr/local/texlive/2022/texmf-dist/tex/generic/pdftexcmds/pdftexcmds.sty
Package: pdftexcmds 2020-06-27 v0.33 Utility functions of pdfTeX for LuaTeX (HO
)

(/usr/local/texlive/2022/texmf-dist/tex/generic/infwarerr/infwarerr.sty
Package: infwarerr 2019/12/03 v1.5 Providing info/warning/error messages (HO)
)
Package pdftexcmds Info: \pdf@primitive is available.
Package pdftexcmds Info: \pdf@ifprimitive is available.
Package pdftexcmds Info: \pdfdraftmode found.
)
(/usr/local/texlive/2022/texmf-dist/tex/latex/graphics/keyval.sty
Package: keyval 2014/10/28 v1.15 key=value parser (DPC)
\KV@toks@=\toks22
)
(/usr/local/texlive/2022/texmf-dist/tex/generic/kvsetkeys/kvsetkeys.sty
Package: kvsetkeys 2019/12/15 v1.18 Key value parser (HO)
)
(/usr/local/texlive/2022/texmf-dist/tex/generic/kvdefinekeys/kvdefinekeys.sty
Package: kvdefinekeys 2019-12-19 v1.6 Define keys (HO)
)
(/usr/local/texlive/2022/texmf-dist/tex/generic/pdfescape/pdfescape.sty
Package: pdfescape 2019/12/09 v1.15 Implements pdfTeX's escape features (HO)
)
(/usr/local/texlive/2022/texmf-dist/tex/latex/hycolor/hycolor.sty
Package: hycolor 2020-01-27 v1.10 Color options for hyperref/bookmark (HO)
)
(/usr/local/texlive/2022/texmf-dist/tex/latex/letltxmacro/letltxmacro.sty
Package: letltxmacro 2019/12/03 v1.6 Let assignment for LaTeX macros (HO)
)
(/usr/local/texlive/2022/texmf-dist/tex/latex/auxhook/auxhook.sty
Package: auxhook 2019-12-17 v1.6 Hooks for auxiliary files (HO)
)
(/usr/local/texlive/2022/texmf-dist/tex/latex/kvoptions/kvoptions.sty
Package: kvoptions 2020-10-07 v3.14 Key value format for package options (HO)
)
\@linkdim=\dimen152
\Hy@linkcounter=\count274
\Hy@pagecounter=\count275

(/usr/local/texlive/2022/texmf-dist/tex/latex/hyperref/pd1enc.def
File: pd1enc.def 2022-02-21 v7.00n Hyperref: PDFDocEncoding definition (HO)
Now handling font encoding PD1 ...
... no UTF-8 mapping file for font encoding PD1
)
(/usr/local/texlive/2022/texmf-dist/tex/generic/intcalc/intcalc.sty
Package: intcalc 2019/12/15 v1.3 Expandable calculations with integers (HO)
)
(/usr/local/texlive/2022/texmf-dist/tex/generic/etexcmds/etexcmds.sty
Package: etexcmds 2019/12/15 v1.7 Avoid name clashes with e-TeX commands (HO)
)
\Hy@SavedSpaceFactor=\count276

(/usr/local/texlive/2022/texmf-dist/tex/latex/hyperref/puenc.def
File: puenc.def 2022-02-21 v7.00n Hyperref: PDF Unicode definition (HO)
Now handling font encoding PU ...
... no UTF-8 mapping file for font encoding PU
)
Package hyperref Info: Option `unicode' set `true' on input line 3128.
Package hyperref Info: Hyper figures OFF on input line 4137.
Package hyperref Info: Link nesting OFF on input line 4142.
Package hyperref Info: Hyper index ON on input line 4145.
Package hyperref Info: Plain pages OFF on input line 4152.
Package hyperref Info: Backreferencing OFF on input line 4157.
Package hyperref Info: Implicit mode ON; LaTeX internals redefined.
Package hyperref Info: Bookmarks ON on input line 4390.
\c@Hy@tempcnt=\count277

(/usr/local/texlive/2022/texmf-dist/tex/latex/url/url.sty
\Urlmuskip=\muskip17
Package: url 2013/09/16  ver 3.4  Verb mode for urls, etc.
)
LaTeX Info: Redefining \url on input line 4749.
\XeTeXLinkMargin=\dimen153

(/usr/local/texlive/2022/texmf-dist/tex/generic/bitset/bitset.sty
Package: bitset 2019/12/09 v1.3 Handle bit-vector datatype (HO)

(/usr/local/texlive/2022/texmf-dist/tex/generic/bigintcalc/bigintcalc.sty
Package: bigintcalc 2019/12/15 v1.5 Expandable calculations on big integers (HO
)
))
\Fld@menulength=\count278
\Field@Width=\dimen154
\Fld@charsize=\dimen155
Package hyperref Info: Hyper figures OFF on input line 6027.
Package hyperref Info: Link nesting OFF on input line 6032.
Package hyperref Info: Hyper index ON on input line 6035.
Package hyperref Info: backreferencing OFF on input line 6042.
Package hyperref Info: Link coloring OFF on input line 6047.
Package hyperref Info: Link coloring with OCG OFF on input line 6052.
Package hyperref Info: PDF/A mode OFF on input line 6057.
LaTeX Info: Redefining \ref on input line 6097.
LaTeX Info: Redefining \pageref on input line 6101.

(/usr/local/texlive/2022/texmf-dist/tex/latex/base/atbegshi-ltx.sty
Package: atbegshi-ltx 2021/01/10 v1.0c Emulation of the original atbegshi
package with kernel methods
)
\Hy@abspage=\count279
\c@Item=\count280
\c@Hfootnote=\count281
)
Package hyperref Info: Driver (autodetected): hpdftex.

(/usr/local/texlive/2022/texmf-dist/tex/latex/hyperref/hpdftex.def
File: hpdftex.def 2022-02-21 v7.00n Hyperref driver for pdfTeX

(/usr/local/texlive/2022/texmf-dist/tex/latex/base/atveryend-ltx.sty
Package: atveryend-ltx 2020/08/19 v1.0a Emulation of the original atveryend pac
kage
with kernel methods
)
\Fld@listcount=\count282
\c@bookmark@seq@number=\count283

(/usr/local/texlive/2022/texmf-dist/tex/latex/rerunfilecheck/rerunfilecheck.sty
Package: rerunfilecheck 2019/12/05 v1.9 Rerun checks for auxiliary files (HO)

(/usr/local/texlive/2022/texmf-dist/tex/generic/uniquecounter/uniquecounter.sty
Package: uniquecounter 2019/12/15 v1.4 Provide unlimited unique counter (HO)
)
Package uniquecounter Info: New unique counter `rerunfilecheck' on input line 2
86.
)
\Hy@SectionHShift=\skip53
) (/usr/local/texlive/2022/texmf-dist/tex/latex/amsfonts/euscript.sty
Package: euscript 2009/06/22 v3.00 Euler Script fonts
LaTeX Font Info:    Overwriting math alphabet `\EuScript' in version `bold'
(Font)                  U/eus/m/n --> U/eus/b/n on input line 33.
)
(/usr/local/texlive/2022/texmf-dist/tex/latex/enumitem/enumitem.sty
Package: enumitem 2019/06/20 v3.9 Customized lists
\labelindent=\skip54
\enit@outerparindent=\dimen156
\enit@toks=\toks23
\enit@inbox=\box55
\enit@count@id=\count284
\enitdp@description=\count285
)
(/usr/local/texlive/2022/texmf-dist/tex/latex/cite/cite.sty
LaTeX Info: Redefining \cite on input line 302.
LaTeX Info: Redefining \nocite on input line 332.
Package: cite 2015/02/27  v 5.5
)
(/usr/local/texlive/2022/texmf-dist/tex/latex/bbm-macros/bbm.sty
Package: bbm 1999/03/15 V 1.2 provides fonts for set symbols - TH
LaTeX Font Info:    Overwriting math alphabet `\mathbbm' in version `bold'
(Font)                  U/bbm/m/n --> U/bbm/bx/n on input line 33.
LaTeX Font Info:    Overwriting math alphabet `\mathbbmss' in version `bold'
(Font)                  U/bbmss/m/n --> U/bbmss/bx/n on input line 35.
)
(/usr/local/texlive/2022/texmf-dist/tex/latex/geometry/geometry.sty
Package: geometry 2020/01/02 v5.9 Page Geometry

(/usr/local/texlive/2022/texmf-dist/tex/generic/iftex/ifvtex.sty
Package: ifvtex 2019/10/25 v1.7 ifvtex legacy package. Use iftex instead.
)
\Gm@cnth=\count286
\Gm@cntv=\count287
\c@Gm@tempcnt=\count288
\Gm@bindingoffset=\dimen157
\Gm@wd@mp=\dimen158
\Gm@odd@mp=\dimen159
\Gm@even@mp=\dimen160
\Gm@layoutwidth=\dimen161
\Gm@layoutheight=\dimen162
\Gm@layouthoffset=\dimen163
\Gm@layoutvoffset=\dimen164
\Gm@dimlist=\toks24
)
(/usr/local/texlive/2022/texmf-dist/tex/latex/graphics/graphicx.sty
Package: graphicx 2021/09/16 v1.2d Enhanced LaTeX Graphics (DPC,SPQR)

(/usr/local/texlive/2022/texmf-dist/tex/latex/graphics/graphics.sty
Package: graphics 2021/03/04 v1.4d Standard LaTeX Graphics (DPC,SPQR)

(/usr/local/texlive/2022/texmf-dist/tex/latex/graphics/trig.sty
Package: trig 2021/08/11 v1.11 sin cos tan (DPC)
)
(/usr/local/texlive/2022/texmf-dist/tex/latex/graphics-cfg/graphics.cfg
File: graphics.cfg 2016/06/04 v1.11 sample graphics configuration
)
Package graphics Info: Driver file: pdftex.def on input line 107.
)
\Gin@req@height=\dimen165
\Gin@req@width=\dimen166
)
(/usr/local/texlive/2022/texmf-dist/tex/latex/l3backend/l3backend-pdftex.def
File: l3backend-pdftex.def 2022-02-07 L3 backend support: PDF output (pdfTeX)
\l__color_backend_stack_int=\count289
\l__pdf_internal_box=\box56
)
(./tickets.aux
LaTeX Font Info:    Trying to load font information for T2A+cmr on input line 2
2.
 (/usr/local/texlive/2022/texmf-dist/tex/latex/cyrillic/t2acmr.fd
File: t2acmr.fd 2001/08/11 v1.0a Computer Modern Cyrillic font definitions
))
\openout1 = `tickets.aux'.

LaTeX Font Info:    Checking defaults for OML/cmm/m/it on input line 209.
LaTeX Font Info:    ... okay on input line 209.
LaTeX Font Info:    Checking defaults for OMS/cmsy/m/n on input line 209.
LaTeX Font Info:    ... okay on input line 209.
LaTeX Font Info:    Checking defaults for OT1/cmr/m/n on input line 209.
LaTeX Font Info:    ... okay on input line 209.
LaTeX Font Info:    Checking defaults for T1/cmr/m/n on input line 209.
LaTeX Font Info:    ... okay on input line 209.
LaTeX Font Info:    Checking defaults for TS1/cmr/m/n on input line 209.
LaTeX Font Info:    ... okay on input line 209.
LaTeX Font Info:    Checking defaults for OMX/cmex/m/n on input line 209.
LaTeX Font Info:    ... okay on input line 209.
LaTeX Font Info:    Checking defaults for U/cmr/m/n on input line 209.
LaTeX Font Info:    ... okay on input line 209.
LaTeX Font Info:    Checking defaults for T2A/cmr/m/n on input line 209.
LaTeX Font Info:    ... okay on input line 209.
LaTeX Font Info:    Checking defaults for PD1/pdf/m/n on input line 209.
LaTeX Font Info:    ... okay on input line 209.
LaTeX Font Info:    Checking defaults for PU/pdf/m/n on input line 209.
LaTeX Font Info:    ... okay on input line 209.
LaTeX Info: Redefining \th on input line 209.
 (/usr/local/texlive/2022/texmf-dist/tex/context/base/mkii/supp-pdf.mkii
[Loading MPS to PDF converter (version 2006.09.02).]
\scratchcounter=\count290
\scratchdimen=\dimen167
\scratchbox=\box57
\nofMPsegments=\count291
\nofMParguments=\count292
\everyMPshowfont=\toks25
\MPscratchCnt=\count293
\MPscratchDim=\dimen168
\MPnumerator=\count294
\makeMPintoPDFobject=\count295
\everyMPtoPDFconversion=\toks26
) (/usr/local/texlive/2022/texmf-dist/tex/latex/epstopdf-pkg/epstopdf-base.sty
Package: epstopdf-base 2020-01-24 v2.11 Base part for package epstopdf
Package epstopdf-base Info: Redefining graphics rule for `.eps' on input line 4
85.

(/usr/local/texlive/2022/texmf-dist/tex/latex/latexconfig/epstopdf-sys.cfg
File: epstopdf-sys.cfg 2010/07/13 v1.3 Configuration of (r)epstopdf for TeX Liv
e
))
Package hyperref Info: Link coloring OFF on input line 209.

(/usr/local/texlive/2022/texmf-dist/tex/latex/hyperref/nameref.sty
Package: nameref 2021-04-02 v2.47 Cross-referencing by name of section

(/usr/local/texlive/2022/texmf-dist/tex/latex/refcount/refcount.sty
Package: refcount 2019/12/15 v3.6 Data extraction from label references (HO)
)
(/usr/local/texlive/2022/texmf-dist/tex/generic/gettitlestring/gettitlestring.s
ty
Package: gettitlestring 2019/12/15 v1.6 Cleanup title references (HO)
)
\c@section@level=\count296
)
LaTeX Info: Redefining \ref on input line 209.
LaTeX Info: Redefining \pageref on input line 209.
LaTeX Info: Redefining \nameref on input line 209.
 (./tickets.out) (./tickets.out)
\@outlinefile=\write3
\openout3 = `tickets.out'.


*geometry* driver: auto-detecting
*geometry* detected driver: pdftex
*geometry* verbose mode - [ preamble ] result:
* driver: pdftex
* paper: <default>
* layout: <same size as paper>
* layoutoffset:(h,v)=(0.0pt,0.0pt)
* modes: 
* h-part:(L,W,R)=(71.13188pt, 514.71037pt, 28.45274pt)
* v-part:(T,H,B)=(56.9055pt, 709.61174pt, 28.45274pt)
* \paperwidth=614.295pt
* \paperheight=794.96999pt
* \textwidth=514.71037pt
* \textheight=709.61174pt
* \oddsidemargin=-1.1381pt
* \evensidemargin=-1.1381pt
* \topmargin=-15.36449pt
* \headheight=0.0pt
* \headsep=0.0pt
* \topskip=10.0pt
* \footskip=30.0pt
* \marginparwidth=65.0pt
* \marginparsep=11.0pt
* \columnsep=10.0pt
* \skip\footins=9.0pt plus 4.0pt minus 2.0pt
* \hoffset=0.0pt
* \voffset=0.0pt
* \mag=1000
* \@twocolumnfalse
* \@twosidefalse
* \@mparswitchfalse
* \@reversemarginfalse
* (1in=72.27pt=25.4mm, 1cm=28.453pt)

<3.png, id=4, 65.24374pt x 66.2475pt>
File: 3.png Graphic file (type png)
<use 3.png>
Package pdftex.def Info: 3.png  used on input line 212.
(pdftex.def)             Requested size: 10.2964pt x 10.45424pt.

Underfull \hbox (badness 10000) in paragraph at lines 212--213

 []

File: 3.png Graphic file (type png)
<use 3.png>
Package pdftex.def Info: 3.png  used on input line 214.
(pdftex.def)             Requested size: 10.2964pt x 10.45424pt.

Underfull \hbox (badness 10000) in paragraph at lines 214--215

 []

File: 3.png Graphic file (type png)
<use 3.png>
Package pdftex.def Info: 3.png  used on input line 216.
(pdftex.def)             Requested size: 10.2964pt x 10.45424pt.

Underfull \hbox (badness 10000) in paragraph at lines 216--217

 []

File: 3.png Graphic file (type png)
<use 3.png>
Package pdftex.def Info: 3.png  used on input line 218.
(pdftex.def)             Requested size: 10.2964pt x 10.45424pt.

Underfull \hbox (badness 10000) in paragraph at lines 218--219

 []

File: 3.png Graphic file (type png)
<use 3.png>
Package pdftex.def Info: 3.png  used on input line 220.
(pdftex.def)             Requested size: 10.2964pt x 10.45424pt.

Underfull \hbox (badness 10000) in paragraph at lines 220--221

 []

<4.png, id=5, 65.24374pt x 66.2475pt>
File: 4.png Graphic file (type png)
<use 4.png>
Package pdftex.def Info: 4.png  used on input line 222.
(pdftex.def)             Requested size: 10.2964pt x 10.45424pt.

Underfull \hbox (badness 10000) in paragraph at lines 222--223

 []

File: 4.png Graphic file (type png)
<use 4.png>
Package pdftex.def Info: 4.png  used on input line 224.
(pdftex.def)             Requested size: 10.2964pt x 10.45424pt.

Underfull \hbox (badness 10000) in paragraph at lines 224--225

 []

File: 4.png Graphic file (type png)
<use 4.png>
Package pdftex.def Info: 4.png  used on input line 226.
(pdftex.def)             Requested size: 10.2964pt x 10.45424pt.

Underfull \hbox (badness 10000) in paragraph at lines 226--227

 []

<5.png, id=6, 65.24374pt x 65.24374pt>
File: 5.png Graphic file (type png)
<use 5.png>
Package pdftex.def Info: 5.png  used on input line 228.
(pdftex.def)             Requested size: 10.2964pt x 10.29585pt.

Underfull \hbox (badness 10000) in paragraph at lines 228--229

 []

File: 5.png Graphic file (type png)
<use 5.png>
Package pdftex.def Info: 5.png  used on input line 230.
(pdftex.def)             Requested size: 10.2964pt x 10.29585pt.

Underfull \hbox (badness 10000) in paragraph at lines 230--231

 []

File: 3.png Graphic file (type png)
<use 3.png>
Package pdftex.def Info: 3.png  used on input line 234.
(pdftex.def)             Requested size: 10.2964pt x 10.45424pt.

Underfull \hbox (badness 10000) in paragraph at lines 234--235

 []

File: 3.png Graphic file (type png)
<use 3.png>
Package pdftex.def Info: 3.png  used on input line 236.
(pdftex.def)             Requested size: 10.2964pt x 10.45424pt.

Underfull \hbox (badness 10000) in paragraph at lines 236--237

 []

File: 3.png Graphic file (type png)
<use 3.png>
Package pdftex.def Info: 3.png  used on input line 238.
(pdftex.def)             Requested size: 10.2964pt x 10.45424pt.

Underfull \hbox (badness 10000) in paragraph at lines 238--239

 []

File: 3.png Graphic file (type png)
<use 3.png>
Package pdftex.def Info: 3.png  used on input line 240.
(pdftex.def)             Requested size: 10.2964pt x 10.45424pt.

Underfull \hbox (badness 10000) in paragraph at lines 240--241

 []

File: 3.png Graphic file (type png)
<use 3.png>
Package pdftex.def Info: 3.png  used on input line 242.
(pdftex.def)             Requested size: 10.2964pt x 10.45424pt.

Underfull \hbox (badness 10000) in paragraph at lines 242--243

 []

File: 4.png Graphic file (type png)
<use 4.png>
Package pdftex.def Info: 4.png  used on input line 244.
(pdftex.def)             Requested size: 10.2964pt x 10.45424pt.

Underfull \hbox (badness 10000) in paragraph at lines 244--245

 []

File: 4.png Graphic file (type png)
<use 4.png>
Package pdftex.def Info: 4.png  used on input line 246.
(pdftex.def)             Requested size: 10.2964pt x 10.45424pt.

Underfull \hbox (badness 10000) in paragraph at lines 246--247

 []

File: 4.png Graphic file (type png)
<use 4.png>
Package pdftex.def Info: 4.png  used on input line 248.
(pdftex.def)             Requested size: 10.2964pt x 10.45424pt.

Underfull \hbox (badness 10000) in paragraph at lines 248--249

 []

File: 5.png Graphic file (type png)
<use 5.png>
Package pdftex.def Info: 5.png  used on input line 250.
(pdftex.def)             Requested size: 10.2964pt x 10.29585pt.

Underfull \hbox (badness 10000) in paragraph at lines 250--251

 []

File: 5.png Graphic file (type png)
<use 5.png>
Package pdftex.def Info: 5.png  used on input line 252.
(pdftex.def)             Requested size: 10.2964pt x 10.29585pt.

Underfull \hbox (badness 10000) in paragraph at lines 252--253

 []

File: 3.png Graphic file (type png)
<use 3.png>
Package pdftex.def Info: 3.png  used on input line 256.
(pdftex.def)             Requested size: 10.2964pt x 10.45424pt.

Underfull \hbox (badness 10000) in paragraph at lines 256--257

 []

File: 3.png Graphic file (type png)
<use 3.png>
Package pdftex.def Info: 3.png  used on input line 258.
(pdftex.def)             Requested size: 10.2964pt x 10.45424pt.

Underfull \hbox (badness 10000) in paragraph at lines 258--259

 []

File: 3.png Graphic file (type png)
<use 3.png>
Package pdftex.def Info: 3.png  used on input line 260.
(pdftex.def)             Requested size: 10.2964pt x 10.45424pt.

Underfull \hbox (badness 10000) in paragraph at lines 260--261

 []

File: 3.png Graphic file (type png)
<use 3.png>
Package pdftex.def Info: 3.png  used on input line 262.
(pdftex.def)             Requested size: 10.2964pt x 10.45424pt.

Underfull \hbox (badness 10000) in paragraph at lines 262--263

 []

File: 3.png Graphic file (type png)
<use 3.png>
Package pdftex.def Info: 3.png  used on input line 264.
(pdftex.def)             Requested size: 10.2964pt x 10.45424pt.

Underfull \hbox (badness 10000) in paragraph at lines 264--265

 []

File: 4.png Graphic file (type png)
<use 4.png>
Package pdftex.def Info: 4.png  used on input line 266.
(pdftex.def)             Requested size: 10.2964pt x 10.45424pt.

Underfull \hbox (badness 10000) in paragraph at lines 266--267

 []

File: 4.png Graphic file (type png)
<use 4.png>
Package pdftex.def Info: 4.png  used on input line 268.
(pdftex.def)             Requested size: 10.2964pt x 10.45424pt.

Underfull \hbox (badness 10000) in paragraph at lines 268--269

 []

[1

{/usr/local/texlive/2022/texmf-var/fonts/map/pdftex/updmap/pdftex.map} <./3.png
> <./4.png> <./5.png>]
File: 4.png Graphic file (type png)
<use 4.png>
Package pdftex.def Info: 4.png  used on input line 270.
(pdftex.def)             Requested size: 10.2964pt x 10.45424pt.

Underfull \hbox (badness 10000) in paragraph at lines 270--271

 []

File: 5.png Graphic file (type png)
<use 5.png>
Package pdftex.def Info: 5.png  used on input line 272.
(pdftex.def)             Requested size: 10.2964pt x 10.29585pt.

Underfull \hbox (badness 10000) in paragraph at lines 272--273

 []

File: 5.png Graphic file (type png)
<use 5.png>
Package pdftex.def Info: 5.png  used on input line 274.
(pdftex.def)             Requested size: 10.2964pt x 10.29585pt.

Underfull \hbox (badness 10000) in paragraph at lines 274--275

 []

File: 3.png Graphic file (type png)
<use 3.png>
Package pdftex.def Info: 3.png  used on input line 278.
(pdftex.def)             Requested size: 10.2964pt x 10.45424pt.

Underfull \hbox (badness 10000) in paragraph at lines 278--279

 []

File: 3.png Graphic file (type png)
<use 3.png>
Package pdftex.def Info: 3.png  used on input line 280.
(pdftex.def)             Requested size: 10.2964pt x 10.45424pt.

Underfull \hbox (badness 10000) in paragraph at lines 280--281

 []

File: 3.png Graphic file (type png)
<use 3.png>
Package pdftex.def Info: 3.png  used on input line 282.
(pdftex.def)             Requested size: 10.2964pt x 10.45424pt.

Underfull \hbox (badness 10000) in paragraph at lines 282--283

 []

File: 3.png Graphic file (type png)
<use 3.png>
Package pdftex.def Info: 3.png  used on input line 284.
(pdftex.def)             Requested size: 10.2964pt x 10.45424pt.

Underfull \hbox (badness 10000) in paragraph at lines 284--285

 []

File: 3.png Graphic file (type png)
<use 3.png>
Package pdftex.def Info: 3.png  used on input line 286.
(pdftex.def)             Requested size: 10.2964pt x 10.45424pt.

Underfull \hbox (badness 10000) in paragraph at lines 286--287

 []

File: 4.png Graphic file (type png)
<use 4.png>
Package pdftex.def Info: 4.png  used on input line 288.
(pdftex.def)             Requested size: 10.2964pt x 10.45424pt.

Underfull \hbox (badness 10000) in paragraph at lines 288--289

 []

File: 4.png Graphic file (type png)
<use 4.png>
Package pdftex.def Info: 4.png  used on input line 290.
(pdftex.def)             Requested size: 10.2964pt x 10.45424pt.

Underfull \hbox (badness 10000) in paragraph at lines 290--291

 []

File: 4.png Graphic file (type png)
<use 4.png>
Package pdftex.def Info: 4.png  used on input line 292.
(pdftex.def)             Requested size: 10.2964pt x 10.45424pt.

Underfull \hbox (badness 10000) in paragraph at lines 292--293

 []

File: 5.png Graphic file (type png)
<use 5.png>
Package pdftex.def Info: 5.png  used on input line 294.
(pdftex.def)             Requested size: 10.2964pt x 10.29585pt.

Underfull \hbox (badness 10000) in paragraph at lines 294--295

 []

File: 5.png Graphic file (type png)
<use 5.png>
Package pdftex.def Info: 5.png  used on input line 296.
(pdftex.def)             Requested size: 10.2964pt x 10.29585pt.

Underfull \hbox (badness 10000) in paragraph at lines 296--297

 []

File: 3.png Graphic file (type png)
<use 3.png>
Package pdftex.def Info: 3.png  used on input line 300.
(pdftex.def)             Requested size: 10.2964pt x 10.45424pt.

Underfull \hbox (badness 10000) in paragraph at lines 300--301

 []

File: 3.png Graphic file (type png)
<use 3.png>
Package pdftex.def Info: 3.png  used on input line 302.
(pdftex.def)             Requested size: 10.2964pt x 10.45424pt.

Underfull \hbox (badness 10000) in paragraph at lines 302--303

 []

File: 3.png Graphic file (type png)
<use 3.png>
Package pdftex.def Info: 3.png  used on input line 304.
(pdftex.def)             Requested size: 10.2964pt x 10.45424pt.

Underfull \hbox (badness 10000) in paragraph at lines 304--305

 []

File: 3.png Graphic file (type png)
<use 3.png>
Package pdftex.def Info: 3.png  used on input line 306.
(pdftex.def)             Requested size: 10.2964pt x 10.45424pt.

Underfull \hbox (badness 10000) in paragraph at lines 306--307

 []

File: 3.png Graphic file (type png)
<use 3.png>
Package pdftex.def Info: 3.png  used on input line 308.
(pdftex.def)             Requested size: 10.2964pt x 10.45424pt.

Underfull \hbox (badness 10000) in paragraph at lines 308--309

 []

File: 4.png Graphic file (type png)
<use 4.png>
Package pdftex.def Info: 4.png  used on input line 310.
(pdftex.def)             Requested size: 10.2964pt x 10.45424pt.

Underfull \hbox (badness 10000) in paragraph at lines 310--311

 []

File: 4.png Graphic file (type png)
<use 4.png>
Package pdftex.def Info: 4.png  used on input line 312.
(pdftex.def)             Requested size: 10.2964pt x 10.45424pt.

Underfull \hbox (badness 10000) in paragraph at lines 312--313

 []

File: 4.png Graphic file (type png)
<use 4.png>
Package pdftex.def Info: 4.png  used on input line 314.
(pdftex.def)             Requested size: 10.2964pt x 10.45424pt.

Underfull \hbox (badness 10000) in paragraph at lines 314--315

 []

File: 5.png Graphic file (type png)
<use 5.png>
Package pdftex.def Info: 5.png  used on input line 316.
(pdftex.def)             Requested size: 10.2964pt x 10.29585pt.

Underfull \hbox (badness 10000) in paragraph at lines 316--317

 []

File: 5.png Graphic file (type png)
<use 5.png>
Package pdftex.def Info: 5.png  used on input line 318.
(pdftex.def)             Requested size: 10.2964pt x 10.29585pt.

Underfull \hbox (badness 10000) in paragraph at lines 318--319

 []

File: 3.png Graphic file (type png)
<use 3.png>
Package pdftex.def Info: 3.png  used on input line 322.
(pdftex.def)             Requested size: 10.2964pt x 10.45424pt.

Underfull \hbox (badness 10000) in paragraph at lines 322--323

 []

[2]
File: 3.png Graphic file (type png)
<use 3.png>
Package pdftex.def Info: 3.png  used on input line 324.
(pdftex.def)             Requested size: 10.2964pt x 10.45424pt.

Underfull \hbox (badness 10000) in paragraph at lines 324--325

 []

File: 3.png Graphic file (type png)
<use 3.png>
Package pdftex.def Info: 3.png  used on input line 326.
(pdftex.def)             Requested size: 10.2964pt x 10.45424pt.

Underfull \hbox (badness 10000) in paragraph at lines 326--327

 []

File: 3.png Graphic file (type png)
<use 3.png>
Package pdftex.def Info: 3.png  used on input line 328.
(pdftex.def)             Requested size: 10.2964pt x 10.45424pt.

Underfull \hbox (badness 10000) in paragraph at lines 328--329

 []

File: 3.png Graphic file (type png)
<use 3.png>
Package pdftex.def Info: 3.png  used on input line 330.
(pdftex.def)             Requested size: 10.2964pt x 10.45424pt.

Underfull \hbox (badness 10000) in paragraph at lines 330--331

 []

File: 4.png Graphic file (type png)
<use 4.png>
Package pdftex.def Info: 4.png  used on input line 332.
(pdftex.def)             Requested size: 10.2964pt x 10.45424pt.

Underfull \hbox (badness 10000) in paragraph at lines 332--333

 []

File: 4.png Graphic file (type png)
<use 4.png>
Package pdftex.def Info: 4.png  used on input line 334.
(pdftex.def)             Requested size: 10.2964pt x 10.45424pt.

Underfull \hbox (badness 10000) in paragraph at lines 334--335

 []

File: 4.png Graphic file (type png)
<use 4.png>
Package pdftex.def Info: 4.png  used on input line 336.
(pdftex.def)             Requested size: 10.2964pt x 10.45424pt.

Underfull \hbox (badness 10000) in paragraph at lines 336--337

 []

File: 5.png Graphic file (type png)
<use 5.png>
Package pdftex.def Info: 5.png  used on input line 338.
(pdftex.def)             Requested size: 10.2964pt x 10.29585pt.

Underfull \hbox (badness 10000) in paragraph at lines 338--339

 []

File: 5.png Graphic file (type png)
<use 5.png>
Package pdftex.def Info: 5.png  used on input line 340.
(pdftex.def)             Requested size: 10.2964pt x 10.29585pt.

Underfull \hbox (badness 10000) in paragraph at lines 340--341

 []

File: 3.png Graphic file (type png)
<use 3.png>
Package pdftex.def Info: 3.png  used on input line 344.
(pdftex.def)             Requested size: 10.2964pt x 10.45424pt.

Underfull \hbox (badness 10000) in paragraph at lines 344--345

 []

File: 3.png Graphic file (type png)
<use 3.png>
Package pdftex.def Info: 3.png  used on input line 346.
(pdftex.def)             Requested size: 10.2964pt x 10.45424pt.

Underfull \hbox (badness 10000) in paragraph at lines 346--347

 []

File: 3.png Graphic file (type png)
<use 3.png>
Package pdftex.def Info: 3.png  used on input line 348.
(pdftex.def)             Requested size: 10.2964pt x 10.45424pt.

Underfull \hbox (badness 10000) in paragraph at lines 348--349

 []

File: 3.png Graphic file (type png)
<use 3.png>
Package pdftex.def Info: 3.png  used on input line 350.
(pdftex.def)             Requested size: 10.2964pt x 10.45424pt.

Underfull \hbox (badness 10000) in paragraph at lines 350--351

 []

File: 3.png Graphic file (type png)
<use 3.png>
Package pdftex.def Info: 3.png  used on input line 352.
(pdftex.def)             Requested size: 10.2964pt x 10.45424pt.

Underfull \hbox (badness 10000) in paragraph at lines 352--353

 []

File: 4.png Graphic file (type png)
<use 4.png>
Package pdftex.def Info: 4.png  used on input line 354.
(pdftex.def)             Requested size: 10.2964pt x 10.45424pt.

Underfull \hbox (badness 10000) in paragraph at lines 354--355

 []

File: 4.png Graphic file (type png)
<use 4.png>
Package pdftex.def Info: 4.png  used on input line 356.
(pdftex.def)             Requested size: 10.2964pt x 10.45424pt.

Underfull \hbox (badness 10000) in paragraph at lines 356--357

 []

File: 4.png Graphic file (type png)
<use 4.png>
Package pdftex.def Info: 4.png  used on input line 358.
(pdftex.def)             Requested size: 10.2964pt x 10.45424pt.

Underfull \hbox (badness 10000) in paragraph at lines 358--359

 []

File: 5.png Graphic file (type png)
<use 5.png>
Package pdftex.def Info: 5.png  used on input line 360.
(pdftex.def)             Requested size: 10.2964pt x 10.29585pt.

Underfull \hbox (badness 10000) in paragraph at lines 360--361

 []

File: 5.png Graphic file (type png)
<use 5.png>
Package pdftex.def Info: 5.png  used on input line 362.
(pdftex.def)             Requested size: 10.2964pt x 10.29585pt.

Underfull \hbox (badness 10000) in paragraph at lines 362--363

 []

File: 3.png Graphic file (type png)
<use 3.png>
Package pdftex.def Info: 3.png  used on input line 366.
(pdftex.def)             Requested size: 10.2964pt x 10.45424pt.

Underfull \hbox (badness 10000) in paragraph at lines 366--367

 []

File: 3.png Graphic file (type png)
<use 3.png>
Package pdftex.def Info: 3.png  used on input line 368.
(pdftex.def)             Requested size: 10.2964pt x 10.45424pt.

Underfull \hbox (badness 10000) in paragraph at lines 368--369

 []

File: 3.png Graphic file (type png)
<use 3.png>
Package pdftex.def Info: 3.png  used on input line 370.
(pdftex.def)             Requested size: 10.2964pt x 10.45424pt.

Underfull \hbox (badness 10000) in paragraph at lines 370--371

 []

File: 3.png Graphic file (type png)
<use 3.png>
Package pdftex.def Info: 3.png  used on input line 372.
(pdftex.def)             Requested size: 10.2964pt x 10.45424pt.

Underfull \hbox (badness 10000) in paragraph at lines 372--373

 []

File: 3.png Graphic file (type png)
<use 3.png>
Package pdftex.def Info: 3.png  used on input line 374.
(pdftex.def)             Requested size: 10.2964pt x 10.45424pt.

Underfull \hbox (badness 10000) in paragraph at lines 374--375

 []

File: 4.png Graphic file (type png)
<use 4.png>
Package pdftex.def Info: 4.png  used on input line 376.
(pdftex.def)             Requested size: 10.2964pt x 10.45424pt.

Underfull \hbox (badness 10000) in paragraph at lines 376--377

 []

File: 4.png Graphic file (type png)
<use 4.png>
Package pdftex.def Info: 4.png  used on input line 378.
(pdftex.def)             Requested size: 10.2964pt x 10.45424pt.

Underfull \hbox (badness 10000) in paragraph at lines 378--379

 []

[3]
File: 4.png Graphic file (type png)
<use 4.png>
Package pdftex.def Info: 4.png  used on input line 380.
(pdftex.def)             Requested size: 10.2964pt x 10.45424pt.

Underfull \hbox (badness 10000) in paragraph at lines 380--381

 []

File: 5.png Graphic file (type png)
<use 5.png>
Package pdftex.def Info: 5.png  used on input line 382.
(pdftex.def)             Requested size: 10.2964pt x 10.29585pt.

Underfull \hbox (badness 10000) in paragraph at lines 382--383

 []

File: 5.png Graphic file (type png)
<use 5.png>
Package pdftex.def Info: 5.png  used on input line 384.
(pdftex.def)             Requested size: 10.2964pt x 10.29585pt.

Underfull \hbox (badness 10000) in paragraph at lines 384--385

 []

File: 3.png Graphic file (type png)
<use 3.png>
Package pdftex.def Info: 3.png  used on input line 388.
(pdftex.def)             Requested size: 10.2964pt x 10.45424pt.

Underfull \hbox (badness 10000) in paragraph at lines 388--389

 []

File: 3.png Graphic file (type png)
<use 3.png>
Package pdftex.def Info: 3.png  used on input line 390.
(pdftex.def)             Requested size: 10.2964pt x 10.45424pt.

Underfull \hbox (badness 10000) in paragraph at lines 390--391

 []

File: 3.png Graphic file (type png)
<use 3.png>
Package pdftex.def Info: 3.png  used on input line 392.
(pdftex.def)             Requested size: 10.2964pt x 10.45424pt.

Underfull \hbox (badness 10000) in paragraph at lines 392--393

 []

File: 3.png Graphic file (type png)
<use 3.png>
Package pdftex.def Info: 3.png  used on input line 394.
(pdftex.def)             Requested size: 10.2964pt x 10.45424pt.

Underfull \hbox (badness 10000) in paragraph at lines 394--395

 []

File: 3.png Graphic file (type png)
<use 3.png>
Package pdftex.def Info: 3.png  used on input line 396.
(pdftex.def)             Requested size: 10.2964pt x 10.45424pt.

Underfull \hbox (badness 10000) in paragraph at lines 396--397

 []

File: 4.png Graphic file (type png)
<use 4.png>
Package pdftex.def Info: 4.png  used on input line 398.
(pdftex.def)             Requested size: 10.2964pt x 10.45424pt.

Underfull \hbox (badness 10000) in paragraph at lines 398--399

 []

File: 4.png Graphic file (type png)
<use 4.png>
Package pdftex.def Info: 4.png  used on input line 400.
(pdftex.def)             Requested size: 10.2964pt x 10.45424pt.

Underfull \hbox (badness 10000) in paragraph at lines 400--401

 []

File: 4.png Graphic file (type png)
<use 4.png>
Package pdftex.def Info: 4.png  used on input line 402.
(pdftex.def)             Requested size: 10.2964pt x 10.45424pt.

Underfull \hbox (badness 10000) in paragraph at lines 402--403

 []

File: 5.png Graphic file (type png)
<use 5.png>
Package pdftex.def Info: 5.png  used on input line 404.
(pdftex.def)             Requested size: 10.2964pt x 10.29585pt.

Underfull \hbox (badness 10000) in paragraph at lines 404--405

 []

File: 5.png Graphic file (type png)
<use 5.png>
Package pdftex.def Info: 5.png  used on input line 406.
(pdftex.def)             Requested size: 10.2964pt x 10.29585pt.

Underfull \hbox (badness 10000) in paragraph at lines 406--407

 []

File: 3.png Graphic file (type png)
<use 3.png>
Package pdftex.def Info: 3.png  used on input line 410.
(pdftex.def)             Requested size: 10.2964pt x 10.45424pt.

Underfull \hbox (badness 10000) in paragraph at lines 410--411

 []

File: 3.png Graphic file (type png)
<use 3.png>
Package pdftex.def Info: 3.png  used on input line 412.
(pdftex.def)             Requested size: 10.2964pt x 10.45424pt.

Underfull \hbox (badness 10000) in paragraph at lines 412--413

 []

File: 3.png Graphic file (type png)
<use 3.png>
Package pdftex.def Info: 3.png  used on input line 414.
(pdftex.def)             Requested size: 10.2964pt x 10.45424pt.

Underfull \hbox (badness 10000) in paragraph at lines 414--415

 []

File: 3.png Graphic file (type png)
<use 3.png>
Package pdftex.def Info: 3.png  used on input line 416.
(pdftex.def)             Requested size: 10.2964pt x 10.45424pt.

Underfull \hbox (badness 10000) in paragraph at lines 416--417

 []

File: 3.png Graphic file (type png)
<use 3.png>
Package pdftex.def Info: 3.png  used on input line 418.
(pdftex.def)             Requested size: 10.2964pt x 10.45424pt.

Underfull \hbox (badness 10000) in paragraph at lines 418--419

 []

File: 4.png Graphic file (type png)
<use 4.png>
Package pdftex.def Info: 4.png  used on input line 420.
(pdftex.def)             Requested size: 10.2964pt x 10.45424pt.

Underfull \hbox (badness 10000) in paragraph at lines 420--421

 []

File: 4.png Graphic file (type png)
<use 4.png>
Package pdftex.def Info: 4.png  used on input line 422.
(pdftex.def)             Requested size: 10.2964pt x 10.45424pt.

Underfull \hbox (badness 10000) in paragraph at lines 422--423

 []

File: 4.png Graphic file (type png)
<use 4.png>
Package pdftex.def Info: 4.png  used on input line 424.
(pdftex.def)             Requested size: 10.2964pt x 10.45424pt.

Underfull \hbox (badness 10000) in paragraph at lines 424--425

 []

File: 5.png Graphic file (type png)
<use 5.png>
Package pdftex.def Info: 5.png  used on input line 426.
(pdftex.def)             Requested size: 10.2964pt x 10.29585pt.

Underfull \hbox (badness 10000) in paragraph at lines 426--427

 []

[4]
File: 5.png Graphic file (type png)
<use 5.png>
Package pdftex.def Info: 5.png  used on input line 428.
(pdftex.def)             Requested size: 10.2964pt x 10.29585pt.

Underfull \hbox (badness 10000) in paragraph at lines 428--429

 []

File: 3.png Graphic file (type png)
<use 3.png>
Package pdftex.def Info: 3.png  used on input line 432.
(pdftex.def)             Requested size: 10.2964pt x 10.45424pt.

Underfull \hbox (badness 10000) in paragraph at lines 432--433

 []

File: 3.png Graphic file (type png)
<use 3.png>
Package pdftex.def Info: 3.png  used on input line 434.
(pdftex.def)             Requested size: 10.2964pt x 10.45424pt.

Underfull \hbox (badness 10000) in paragraph at lines 434--435

 []

File: 3.png Graphic file (type png)
<use 3.png>
Package pdftex.def Info: 3.png  used on input line 436.
(pdftex.def)             Requested size: 10.2964pt x 10.45424pt.

Underfull \hbox (badness 10000) in paragraph at lines 436--437

 []

File: 3.png Graphic file (type png)
<use 3.png>
Package pdftex.def Info: 3.png  used on input line 438.
(pdftex.def)             Requested size: 10.2964pt x 10.45424pt.

Underfull \hbox (badness 10000) in paragraph at lines 438--439

 []

File: 3.png Graphic file (type png)
<use 3.png>
Package pdftex.def Info: 3.png  used on input line 440.
(pdftex.def)             Requested size: 10.2964pt x 10.45424pt.

Underfull \hbox (badness 10000) in paragraph at lines 440--441

 []

File: 4.png Graphic file (type png)
<use 4.png>
Package pdftex.def Info: 4.png  used on input line 442.
(pdftex.def)             Requested size: 10.2964pt x 10.45424pt.

Underfull \hbox (badness 10000) in paragraph at lines 442--443

 []

File: 4.png Graphic file (type png)
<use 4.png>
Package pdftex.def Info: 4.png  used on input line 444.
(pdftex.def)             Requested size: 10.2964pt x 10.45424pt.

Underfull \hbox (badness 10000) in paragraph at lines 444--445

 []

File: 4.png Graphic file (type png)
<use 4.png>
Package pdftex.def Info: 4.png  used on input line 446.
(pdftex.def)             Requested size: 10.2964pt x 10.45424pt.

Underfull \hbox (badness 10000) in paragraph at lines 446--447

 []

File: 5.png Graphic file (type png)
<use 5.png>
Package pdftex.def Info: 5.png  used on input line 448.
(pdftex.def)             Requested size: 10.2964pt x 10.29585pt.

Underfull \hbox (badness 10000) in paragraph at lines 448--449

 []

File: 5.png Graphic file (type png)
<use 5.png>
Package pdftex.def Info: 5.png  used on input line 450.
(pdftex.def)             Requested size: 10.2964pt x 10.29585pt.

Underfull \hbox (badness 10000) in paragraph at lines 450--451

 []

File: 3.png Graphic file (type png)
<use 3.png>
Package pdftex.def Info: 3.png  used on input line 454.
(pdftex.def)             Requested size: 10.2964pt x 10.45424pt.

Underfull \hbox (badness 10000) in paragraph at lines 454--455

 []

File: 3.png Graphic file (type png)
<use 3.png>
Package pdftex.def Info: 3.png  used on input line 456.
(pdftex.def)             Requested size: 10.2964pt x 10.45424pt.

Underfull \hbox (badness 10000) in paragraph at lines 456--457

 []

File: 3.png Graphic file (type png)
<use 3.png>
Package pdftex.def Info: 3.png  used on input line 458.
(pdftex.def)             Requested size: 10.2964pt x 10.45424pt.

Underfull \hbox (badness 10000) in paragraph at lines 458--459

 []

File: 3.png Graphic file (type png)
<use 3.png>
Package pdftex.def Info: 3.png  used on input line 460.
(pdftex.def)             Requested size: 10.2964pt x 10.45424pt.

Underfull \hbox (badness 10000) in paragraph at lines 460--461

 []

File: 3.png Graphic file (type png)
<use 3.png>
Package pdftex.def Info: 3.png  used on input line 462.
(pdftex.def)             Requested size: 10.2964pt x 10.45424pt.

Underfull \hbox (badness 10000) in paragraph at lines 462--463

 []

File: 4.png Graphic file (type png)
<use 4.png>
Package pdftex.def Info: 4.png  used on input line 464.
(pdftex.def)             Requested size: 10.2964pt x 10.45424pt.

Underfull \hbox (badness 10000) in paragraph at lines 464--465

 []

File: 4.png Graphic file (type png)
<use 4.png>
Package pdftex.def Info: 4.png  used on input line 466.
(pdftex.def)             Requested size: 10.2964pt x 10.45424pt.

Underfull \hbox (badness 10000) in paragraph at lines 466--467

 []

File: 4.png Graphic file (type png)
<use 4.png>
Package pdftex.def Info: 4.png  used on input line 468.
(pdftex.def)             Requested size: 10.2964pt x 10.45424pt.

Underfull \hbox (badness 10000) in paragraph at lines 468--469

 []

File: 5.png Graphic file (type png)
<use 5.png>
Package pdftex.def Info: 5.png  used on input line 470.
(pdftex.def)             Requested size: 10.2964pt x 10.29585pt.

Underfull \hbox (badness 10000) in paragraph at lines 470--471

 []

File: 5.png Graphic file (type png)
<use 5.png>
Package pdftex.def Info: 5.png  used on input line 472.
(pdftex.def)             Requested size: 10.2964pt x 10.29585pt.

Underfull \hbox (badness 10000) in paragraph at lines 472--473

 []

File: 3.png Graphic file (type png)
<use 3.png>
Package pdftex.def Info: 3.png  used on input line 476.
(pdftex.def)             Requested size: 10.2964pt x 10.45424pt.

Underfull \hbox (badness 10000) in paragraph at lines 476--477

 []

File: 3.png Graphic file (type png)
<use 3.png>
Package pdftex.def Info: 3.png  used on input line 478.
(pdftex.def)             Requested size: 10.2964pt x 10.45424pt.

Underfull \hbox (badness 10000) in paragraph at lines 478--479

 []

File: 3.png Graphic file (type png)
<use 3.png>
Package pdftex.def Info: 3.png  used on input line 480.
(pdftex.def)             Requested size: 10.2964pt x 10.45424pt.

Underfull \hbox (badness 10000) in paragraph at lines 480--481

 []

File: 3.png Graphic file (type png)
<use 3.png>
Package pdftex.def Info: 3.png  used on input line 482.
(pdftex.def)             Requested size: 10.2964pt x 10.45424pt.

Underfull \hbox (badness 10000) in paragraph at lines 482--483

 []

[5]
File: 3.png Graphic file (type png)
<use 3.png>
Package pdftex.def Info: 3.png  used on input line 484.
(pdftex.def)             Requested size: 10.2964pt x 10.45424pt.

Underfull \hbox (badness 10000) in paragraph at lines 484--485

 []

File: 4.png Graphic file (type png)
<use 4.png>
Package pdftex.def Info: 4.png  used on input line 486.
(pdftex.def)             Requested size: 10.2964pt x 10.45424pt.

Underfull \hbox (badness 10000) in paragraph at lines 486--487

 []

File: 4.png Graphic file (type png)
<use 4.png>
Package pdftex.def Info: 4.png  used on input line 488.
(pdftex.def)             Requested size: 10.2964pt x 10.45424pt.

Underfull \hbox (badness 10000) in paragraph at lines 488--489

 []

File: 4.png Graphic file (type png)
<use 4.png>
Package pdftex.def Info: 4.png  used on input line 490.
(pdftex.def)             Requested size: 10.2964pt x 10.45424pt.

Underfull \hbox (badness 10000) in paragraph at lines 490--491

 []

File: 5.png Graphic file (type png)
<use 5.png>
Package pdftex.def Info: 5.png  used on input line 492.
(pdftex.def)             Requested size: 10.2964pt x 10.29585pt.

Underfull \hbox (badness 10000) in paragraph at lines 492--493

 []

File: 5.png Graphic file (type png)
<use 5.png>
Package pdftex.def Info: 5.png  used on input line 494.
(pdftex.def)             Requested size: 10.2964pt x 10.29585pt.

Underfull \hbox (badness 10000) in paragraph at lines 494--495

 []

File: 3.png Graphic file (type png)
<use 3.png>
Package pdftex.def Info: 3.png  used on input line 498.
(pdftex.def)             Requested size: 10.2964pt x 10.45424pt.

Underfull \hbox (badness 10000) in paragraph at lines 498--499

 []

File: 3.png Graphic file (type png)
<use 3.png>
Package pdftex.def Info: 3.png  used on input line 500.
(pdftex.def)             Requested size: 10.2964pt x 10.45424pt.

Underfull \hbox (badness 10000) in paragraph at lines 500--501

 []

File: 3.png Graphic file (type png)
<use 3.png>
Package pdftex.def Info: 3.png  used on input line 502.
(pdftex.def)             Requested size: 10.2964pt x 10.45424pt.

Underfull \hbox (badness 10000) in paragraph at lines 502--503

 []

File: 3.png Graphic file (type png)
<use 3.png>
Package pdftex.def Info: 3.png  used on input line 504.
(pdftex.def)             Requested size: 10.2964pt x 10.45424pt.

Underfull \hbox (badness 10000) in paragraph at lines 504--505

 []

File: 3.png Graphic file (type png)
<use 3.png>
Package pdftex.def Info: 3.png  used on input line 506.
(pdftex.def)             Requested size: 10.2964pt x 10.45424pt.

Underfull \hbox (badness 10000) in paragraph at lines 506--507

 []

File: 4.png Graphic file (type png)
<use 4.png>
Package pdftex.def Info: 4.png  used on input line 508.
(pdftex.def)             Requested size: 10.2964pt x 10.45424pt.

Underfull \hbox (badness 10000) in paragraph at lines 508--509

 []

File: 4.png Graphic file (type png)
<use 4.png>
Package pdftex.def Info: 4.png  used on input line 510.
(pdftex.def)             Requested size: 10.2964pt x 10.45424pt.

Underfull \hbox (badness 10000) in paragraph at lines 510--511

 []

File: 4.png Graphic file (type png)
<use 4.png>
Package pdftex.def Info: 4.png  used on input line 512.
(pdftex.def)             Requested size: 10.2964pt x 10.45424pt.

Underfull \hbox (badness 10000) in paragraph at lines 512--513

 []

File: 5.png Graphic file (type png)
<use 5.png>
Package pdftex.def Info: 5.png  used on input line 514.
(pdftex.def)             Requested size: 10.2964pt x 10.29585pt.

Underfull \hbox (badness 10000) in paragraph at lines 514--515

 []

File: 5.png Graphic file (type png)
<use 5.png>
Package pdftex.def Info: 5.png  used on input line 516.
(pdftex.def)             Requested size: 10.2964pt x 10.29585pt.

Underfull \hbox (badness 10000) in paragraph at lines 516--517

 []

File: 3.png Graphic file (type png)
<use 3.png>
Package pdftex.def Info: 3.png  used on input line 520.
(pdftex.def)             Requested size: 10.2964pt x 10.45424pt.

Underfull \hbox (badness 10000) in paragraph at lines 520--521

 []

File: 3.png Graphic file (type png)
<use 3.png>
Package pdftex.def Info: 3.png  used on input line 522.
(pdftex.def)             Requested size: 10.2964pt x 10.45424pt.

Underfull \hbox (badness 10000) in paragraph at lines 522--523

 []

File: 3.png Graphic file (type png)
<use 3.png>
Package pdftex.def Info: 3.png  used on input line 524.
(pdftex.def)             Requested size: 10.2964pt x 10.45424pt.

Underfull \hbox (badness 10000) in paragraph at lines 524--525

 []

File: 3.png Graphic file (type png)
<use 3.png>
Package pdftex.def Info: 3.png  used on input line 526.
(pdftex.def)             Requested size: 10.2964pt x 10.45424pt.

Underfull \hbox (badness 10000) in paragraph at lines 526--527

 []

File: 3.png Graphic file (type png)
<use 3.png>
Package pdftex.def Info: 3.png  used on input line 528.
(pdftex.def)             Requested size: 10.2964pt x 10.45424pt.

Underfull \hbox (badness 10000) in paragraph at lines 528--529

 []

File: 4.png Graphic file (type png)
<use 4.png>
Package pdftex.def Info: 4.png  used on input line 530.
(pdftex.def)             Requested size: 10.2964pt x 10.45424pt.

Underfull \hbox (badness 10000) in paragraph at lines 530--531

 []

File: 4.png Graphic file (type png)
<use 4.png>
Package pdftex.def Info: 4.png  used on input line 532.
(pdftex.def)             Requested size: 10.2964pt x 10.45424pt.

Underfull \hbox (badness 10000) in paragraph at lines 532--533

 []

[6]
File: 4.png Graphic file (type png)
<use 4.png>
Package pdftex.def Info: 4.png  used on input line 534.
(pdftex.def)             Requested size: 10.2964pt x 10.45424pt.

Underfull \hbox (badness 10000) in paragraph at lines 534--535

 []

File: 5.png Graphic file (type png)
<use 5.png>
Package pdftex.def Info: 5.png  used on input line 536.
(pdftex.def)             Requested size: 10.2964pt x 10.29585pt.

Underfull \hbox (badness 10000) in paragraph at lines 536--537

 []

File: 5.png Graphic file (type png)
<use 5.png>
Package pdftex.def Info: 5.png  used on input line 538.
(pdftex.def)             Requested size: 10.2964pt x 10.29585pt.

Underfull \hbox (badness 10000) in paragraph at lines 538--539

 []

File: 3.png Graphic file (type png)
<use 3.png>
Package pdftex.def Info: 3.png  used on input line 542.
(pdftex.def)             Requested size: 10.2964pt x 10.45424pt.

Underfull \hbox (badness 10000) in paragraph at lines 542--543

 []

File: 3.png Graphic file (type png)
<use 3.png>
Package pdftex.def Info: 3.png  used on input line 544.
(pdftex.def)             Requested size: 10.2964pt x 10.45424pt.

Underfull \hbox (badness 10000) in paragraph at lines 544--545

 []

File: 3.png Graphic file (type png)
<use 3.png>
Package pdftex.def Info: 3.png  used on input line 546.
(pdftex.def)             Requested size: 10.2964pt x 10.45424pt.

Underfull \hbox (badness 10000) in paragraph at lines 546--547

 []

File: 3.png Graphic file (type png)
<use 3.png>
Package pdftex.def Info: 3.png  used on input line 548.
(pdftex.def)             Requested size: 10.2964pt x 10.45424pt.

Underfull \hbox (badness 10000) in paragraph at lines 548--549

 []

File: 3.png Graphic file (type png)
<use 3.png>
Package pdftex.def Info: 3.png  used on input line 550.
(pdftex.def)             Requested size: 10.2964pt x 10.45424pt.

Underfull \hbox (badness 10000) in paragraph at lines 550--551

 []

File: 4.png Graphic file (type png)
<use 4.png>
Package pdftex.def Info: 4.png  used on input line 552.
(pdftex.def)             Requested size: 10.2964pt x 10.45424pt.

Underfull \hbox (badness 10000) in paragraph at lines 552--553

 []

File: 4.png Graphic file (type png)
<use 4.png>
Package pdftex.def Info: 4.png  used on input line 554.
(pdftex.def)             Requested size: 10.2964pt x 10.45424pt.

Underfull \hbox (badness 10000) in paragraph at lines 554--555

 []

File: 4.png Graphic file (type png)
<use 4.png>
Package pdftex.def Info: 4.png  used on input line 556.
(pdftex.def)             Requested size: 10.2964pt x 10.45424pt.

Underfull \hbox (badness 10000) in paragraph at lines 556--557

 []

File: 5.png Graphic file (type png)
<use 5.png>
Package pdftex.def Info: 5.png  used on input line 558.
(pdftex.def)             Requested size: 10.2964pt x 10.29585pt.

Underfull \hbox (badness 10000) in paragraph at lines 558--559

 []

File: 5.png Graphic file (type png)
<use 5.png>
Package pdftex.def Info: 5.png  used on input line 560.
(pdftex.def)             Requested size: 10.2964pt x 10.29585pt.

Underfull \hbox (badness 10000) in paragraph at lines 560--561

 []

File: 3.png Graphic file (type png)
<use 3.png>
Package pdftex.def Info: 3.png  used on input line 564.
(pdftex.def)             Requested size: 10.2964pt x 10.45424pt.

Underfull \hbox (badness 10000) in paragraph at lines 564--565

 []

File: 3.png Graphic file (type png)
<use 3.png>
Package pdftex.def Info: 3.png  used on input line 566.
(pdftex.def)             Requested size: 10.2964pt x 10.45424pt.

Underfull \hbox (badness 10000) in paragraph at lines 566--567

 []

File: 3.png Graphic file (type png)
<use 3.png>
Package pdftex.def Info: 3.png  used on input line 568.
(pdftex.def)             Requested size: 10.2964pt x 10.45424pt.

Underfull \hbox (badness 10000) in paragraph at lines 568--569

 []

File: 3.png Graphic file (type png)
<use 3.png>
Package pdftex.def Info: 3.png  used on input line 570.
(pdftex.def)             Requested size: 10.2964pt x 10.45424pt.

Underfull \hbox (badness 10000) in paragraph at lines 570--571

 []

File: 3.png Graphic file (type png)
<use 3.png>
Package pdftex.def Info: 3.png  used on input line 572.
(pdftex.def)             Requested size: 10.2964pt x 10.45424pt.

Underfull \hbox (badness 10000) in paragraph at lines 572--573

 []

File: 4.png Graphic file (type png)
<use 4.png>
Package pdftex.def Info: 4.png  used on input line 574.
(pdftex.def)             Requested size: 10.2964pt x 10.45424pt.

Underfull \hbox (badness 10000) in paragraph at lines 574--575

 []

File: 4.png Graphic file (type png)
<use 4.png>
Package pdftex.def Info: 4.png  used on input line 576.
(pdftex.def)             Requested size: 10.2964pt x 10.45424pt.

Underfull \hbox (badness 10000) in paragraph at lines 576--577

 []

File: 4.png Graphic file (type png)
<use 4.png>
Package pdftex.def Info: 4.png  used on input line 578.
(pdftex.def)             Requested size: 10.2964pt x 10.45424pt.

Underfull \hbox (badness 10000) in paragraph at lines 578--579

 []

File: 5.png Graphic file (type png)
<use 5.png>
Package pdftex.def Info: 5.png  used on input line 580.
(pdftex.def)             Requested size: 10.2964pt x 10.29585pt.

Underfull \hbox (badness 10000) in paragraph at lines 580--581

 []

File: 5.png Graphic file (type png)
<use 5.png>
Package pdftex.def Info: 5.png  used on input line 582.
(pdftex.def)             Requested size: 10.2964pt x 10.29585pt.

Underfull \hbox (badness 10000) in paragraph at lines 582--583

 []

File: 3.png Graphic file (type png)
<use 3.png>
Package pdftex.def Info: 3.png  used on input line 586.
(pdftex.def)             Requested size: 10.2964pt x 10.45424pt.

Underfull \hbox (badness 10000) in paragraph at lines 586--587

 []

File: 3.png Graphic file (type png)
<use 3.png>
Package pdftex.def Info: 3.png  used on input line 588.
(pdftex.def)             Requested size: 10.2964pt x 10.45424pt.

Underfull \hbox (badness 10000) in paragraph at lines 588--589

 []

[7]
File: 3.png Graphic file (type png)
<use 3.png>
Package pdftex.def Info: 3.png  used on input line 590.
(pdftex.def)             Requested size: 10.2964pt x 10.45424pt.

Underfull \hbox (badness 10000) in paragraph at lines 590--591

 []

File: 3.png Graphic file (type png)
<use 3.png>
Package pdftex.def Info: 3.png  used on input line 592.
(pdftex.def)             Requested size: 10.2964pt x 10.45424pt.

Underfull \hbox (badness 10000) in paragraph at lines 592--593

 []

File: 3.png Graphic file (type png)
<use 3.png>
Package pdftex.def Info: 3.png  used on input line 594.
(pdftex.def)             Requested size: 10.2964pt x 10.45424pt.

Underfull \hbox (badness 10000) in paragraph at lines 594--595

 []

File: 4.png Graphic file (type png)
<use 4.png>
Package pdftex.def Info: 4.png  used on input line 596.
(pdftex.def)             Requested size: 10.2964pt x 10.45424pt.

Underfull \hbox (badness 10000) in paragraph at lines 596--597

 []

File: 4.png Graphic file (type png)
<use 4.png>
Package pdftex.def Info: 4.png  used on input line 598.
(pdftex.def)             Requested size: 10.2964pt x 10.45424pt.

Underfull \hbox (badness 10000) in paragraph at lines 598--599

 []

File: 4.png Graphic file (type png)
<use 4.png>
Package pdftex.def Info: 4.png  used on input line 600.
(pdftex.def)             Requested size: 10.2964pt x 10.45424pt.

Underfull \hbox (badness 10000) in paragraph at lines 600--601

 []

File: 5.png Graphic file (type png)
<use 5.png>
Package pdftex.def Info: 5.png  used on input line 602.
(pdftex.def)             Requested size: 10.2964pt x 10.29585pt.

Underfull \hbox (badness 10000) in paragraph at lines 602--603

 []

File: 5.png Graphic file (type png)
<use 5.png>
Package pdftex.def Info: 5.png  used on input line 604.
(pdftex.def)             Requested size: 10.2964pt x 10.29585pt.

Underfull \hbox (badness 10000) in paragraph at lines 604--605

 []

File: 3.png Graphic file (type png)
<use 3.png>
Package pdftex.def Info: 3.png  used on input line 608.
(pdftex.def)             Requested size: 10.2964pt x 10.45424pt.

Underfull \hbox (badness 10000) in paragraph at lines 608--609

 []

File: 3.png Graphic file (type png)
<use 3.png>
Package pdftex.def Info: 3.png  used on input line 610.
(pdftex.def)             Requested size: 10.2964pt x 10.45424pt.

Underfull \hbox (badness 10000) in paragraph at lines 610--611

 []

File: 3.png Graphic file (type png)
<use 3.png>
Package pdftex.def Info: 3.png  used on input line 612.
(pdftex.def)             Requested size: 10.2964pt x 10.45424pt.

Underfull \hbox (badness 10000) in paragraph at lines 612--613

 []

File: 3.png Graphic file (type png)
<use 3.png>
Package pdftex.def Info: 3.png  used on input line 614.
(pdftex.def)             Requested size: 10.2964pt x 10.45424pt.

Underfull \hbox (badness 10000) in paragraph at lines 614--615

 []

File: 3.png Graphic file (type png)
<use 3.png>
Package pdftex.def Info: 3.png  used on input line 616.
(pdftex.def)             Requested size: 10.2964pt x 10.45424pt.

Underfull \hbox (badness 10000) in paragraph at lines 616--617

 []

File: 4.png Graphic file (type png)
<use 4.png>
Package pdftex.def Info: 4.png  used on input line 618.
(pdftex.def)             Requested size: 10.2964pt x 10.45424pt.

Underfull \hbox (badness 10000) in paragraph at lines 618--619

 []

File: 4.png Graphic file (type png)
<use 4.png>
Package pdftex.def Info: 4.png  used on input line 620.
(pdftex.def)             Requested size: 10.2964pt x 10.45424pt.

Underfull \hbox (badness 10000) in paragraph at lines 620--621

 []

File: 4.png Graphic file (type png)
<use 4.png>
Package pdftex.def Info: 4.png  used on input line 622.
(pdftex.def)             Requested size: 10.2964pt x 10.45424pt.

Underfull \hbox (badness 10000) in paragraph at lines 622--623

 []

File: 5.png Graphic file (type png)
<use 5.png>
Package pdftex.def Info: 5.png  used on input line 624.
(pdftex.def)             Requested size: 10.2964pt x 10.29585pt.

Underfull \hbox (badness 10000) in paragraph at lines 624--625

 []

File: 5.png Graphic file (type png)
<use 5.png>
Package pdftex.def Info: 5.png  used on input line 626.
(pdftex.def)             Requested size: 10.2964pt x 10.29585pt.

Underfull \hbox (badness 10000) in paragraph at lines 626--627

 []

File: 3.png Graphic file (type png)
<use 3.png>
Package pdftex.def Info: 3.png  used on input line 630.
(pdftex.def)             Requested size: 10.2964pt x 10.45424pt.

Underfull \hbox (badness 10000) in paragraph at lines 630--631

 []

File: 3.png Graphic file (type png)
<use 3.png>
Package pdftex.def Info: 3.png  used on input line 632.
(pdftex.def)             Requested size: 10.2964pt x 10.45424pt.

Underfull \hbox (badness 10000) in paragraph at lines 632--633

 []

File: 3.png Graphic file (type png)
<use 3.png>
Package pdftex.def Info: 3.png  used on input line 634.
(pdftex.def)             Requested size: 10.2964pt x 10.45424pt.

Underfull \hbox (badness 10000) in paragraph at lines 634--635

 []

File: 3.png Graphic file (type png)
<use 3.png>
Package pdftex.def Info: 3.png  used on input line 636.
(pdftex.def)             Requested size: 10.2964pt x 10.45424pt.

Underfull \hbox (badness 10000) in paragraph at lines 636--637

 []

File: 3.png Graphic file (type png)
<use 3.png>
Package pdftex.def Info: 3.png  used on input line 638.
(pdftex.def)             Requested size: 10.2964pt x 10.45424pt.

Underfull \hbox (badness 10000) in paragraph at lines 638--639

 []

File: 4.png Graphic file (type png)
<use 4.png>
Package pdftex.def Info: 4.png  used on input line 640.
(pdftex.def)             Requested size: 10.2964pt x 10.45424pt.

Underfull \hbox (badness 10000) in paragraph at lines 640--641

 []

File: 4.png Graphic file (type png)
<use 4.png>
Package pdftex.def Info: 4.png  used on input line 642.
(pdftex.def)             Requested size: 10.2964pt x 10.45424pt.

Underfull \hbox (badness 10000) in paragraph at lines 642--643

 []

File: 4.png Graphic file (type png)
<use 4.png>
Package pdftex.def Info: 4.png  used on input line 644.
(pdftex.def)             Requested size: 10.2964pt x 10.45424pt.

Underfull \hbox (badness 10000) in paragraph at lines 644--645

 []

[8]
File: 5.png Graphic file (type png)
<use 5.png>
Package pdftex.def Info: 5.png  used on input line 646.
(pdftex.def)             Requested size: 10.2964pt x 10.29585pt.

Underfull \hbox (badness 10000) in paragraph at lines 646--647

 []

File: 5.png Graphic file (type png)
<use 5.png>
Package pdftex.def Info: 5.png  used on input line 648.
(pdftex.def)             Requested size: 10.2964pt x 10.29585pt.

Underfull \hbox (badness 10000) in paragraph at lines 648--649

 []

File: 3.png Graphic file (type png)
<use 3.png>
Package pdftex.def Info: 3.png  used on input line 652.
(pdftex.def)             Requested size: 10.2964pt x 10.45424pt.

Underfull \hbox (badness 10000) in paragraph at lines 652--653

 []

File: 3.png Graphic file (type png)
<use 3.png>
Package pdftex.def Info: 3.png  used on input line 654.
(pdftex.def)             Requested size: 10.2964pt x 10.45424pt.

Underfull \hbox (badness 10000) in paragraph at lines 654--655

 []

File: 3.png Graphic file (type png)
<use 3.png>
Package pdftex.def Info: 3.png  used on input line 656.
(pdftex.def)             Requested size: 10.2964pt x 10.45424pt.

Underfull \hbox (badness 10000) in paragraph at lines 656--657

 []

File: 3.png Graphic file (type png)
<use 3.png>
Package pdftex.def Info: 3.png  used on input line 658.
(pdftex.def)             Requested size: 10.2964pt x 10.45424pt.

Underfull \hbox (badness 10000) in paragraph at lines 658--659

 []

File: 3.png Graphic file (type png)
<use 3.png>
Package pdftex.def Info: 3.png  used on input line 660.
(pdftex.def)             Requested size: 10.2964pt x 10.45424pt.

Underfull \hbox (badness 10000) in paragraph at lines 660--661

 []

File: 4.png Graphic file (type png)
<use 4.png>
Package pdftex.def Info: 4.png  used on input line 662.
(pdftex.def)             Requested size: 10.2964pt x 10.45424pt.

Underfull \hbox (badness 10000) in paragraph at lines 662--663

 []

File: 4.png Graphic file (type png)
<use 4.png>
Package pdftex.def Info: 4.png  used on input line 664.
(pdftex.def)             Requested size: 10.2964pt x 10.45424pt.

Underfull \hbox (badness 10000) in paragraph at lines 664--665

 []

File: 4.png Graphic file (type png)
<use 4.png>
Package pdftex.def Info: 4.png  used on input line 666.
(pdftex.def)             Requested size: 10.2964pt x 10.45424pt.

Underfull \hbox (badness 10000) in paragraph at lines 666--667

 []

File: 5.png Graphic file (type png)
<use 5.png>
Package pdftex.def Info: 5.png  used on input line 668.
(pdftex.def)             Requested size: 10.2964pt x 10.29585pt.

Underfull \hbox (badness 10000) in paragraph at lines 668--669

 []

File: 5.png Graphic file (type png)
<use 5.png>
Package pdftex.def Info: 5.png  used on input line 670.
(pdftex.def)             Requested size: 10.2964pt x 10.29585pt.

Underfull \hbox (badness 10000) in paragraph at lines 670--671

 []

File: 3.png Graphic file (type png)
<use 3.png>
Package pdftex.def Info: 3.png  used on input line 674.
(pdftex.def)             Requested size: 10.2964pt x 10.45424pt.

Underfull \hbox (badness 10000) in paragraph at lines 674--675

 []

File: 3.png Graphic file (type png)
<use 3.png>
Package pdftex.def Info: 3.png  used on input line 676.
(pdftex.def)             Requested size: 10.2964pt x 10.45424pt.

Underfull \hbox (badness 10000) in paragraph at lines 676--677

 []

File: 3.png Graphic file (type png)
<use 3.png>
Package pdftex.def Info: 3.png  used on input line 678.
(pdftex.def)             Requested size: 10.2964pt x 10.45424pt.

Underfull \hbox (badness 10000) in paragraph at lines 678--679

 []

File: 3.png Graphic file (type png)
<use 3.png>
Package pdftex.def Info: 3.png  used on input line 680.
(pdftex.def)             Requested size: 10.2964pt x 10.45424pt.

Underfull \hbox (badness 10000) in paragraph at lines 680--681

 []

File: 3.png Graphic file (type png)
<use 3.png>
Package pdftex.def Info: 3.png  used on input line 682.
(pdftex.def)             Requested size: 10.2964pt x 10.45424pt.

Underfull \hbox (badness 10000) in paragraph at lines 682--683

 []

File: 4.png Graphic file (type png)
<use 4.png>
Package pdftex.def Info: 4.png  used on input line 684.
(pdftex.def)             Requested size: 10.2964pt x 10.45424pt.

Underfull \hbox (badness 10000) in paragraph at lines 684--685

 []

File: 4.png Graphic file (type png)
<use 4.png>
Package pdftex.def Info: 4.png  used on input line 686.
(pdftex.def)             Requested size: 10.2964pt x 10.45424pt.

Underfull \hbox (badness 10000) in paragraph at lines 686--687

 []

File: 4.png Graphic file (type png)
<use 4.png>
Package pdftex.def Info: 4.png  used on input line 688.
(pdftex.def)             Requested size: 10.2964pt x 10.45424pt.

Underfull \hbox (badness 10000) in paragraph at lines 688--689

 []

File: 5.png Graphic file (type png)
<use 5.png>
Package pdftex.def Info: 5.png  used on input line 690.
(pdftex.def)             Requested size: 10.2964pt x 10.29585pt.

Underfull \hbox (badness 10000) in paragraph at lines 690--691

 []

File: 5.png Graphic file (type png)
<use 5.png>
Package pdftex.def Info: 5.png  used on input line 692.
(pdftex.def)             Requested size: 10.2964pt x 10.29585pt.

Underfull \hbox (badness 10000) in paragraph at lines 692--693

 []

File: 3.png Graphic file (type png)
<use 3.png>
Package pdftex.def Info: 3.png  used on input line 696.
(pdftex.def)             Requested size: 10.2964pt x 10.45424pt.

Underfull \hbox (badness 10000) in paragraph at lines 696--697

 []

[9]
File: 3.png Graphic file (type png)
<use 3.png>
Package pdftex.def Info: 3.png  used on input line 698.
(pdftex.def)             Requested size: 10.2964pt x 10.45424pt.

Underfull \hbox (badness 10000) in paragraph at lines 698--699

 []

File: 3.png Graphic file (type png)
<use 3.png>
Package pdftex.def Info: 3.png  used on input line 700.
(pdftex.def)             Requested size: 10.2964pt x 10.45424pt.

Underfull \hbox (badness 10000) in paragraph at lines 700--701

 []

File: 3.png Graphic file (type png)
<use 3.png>
Package pdftex.def Info: 3.png  used on input line 702.
(pdftex.def)             Requested size: 10.2964pt x 10.45424pt.

Underfull \hbox (badness 10000) in paragraph at lines 702--703

 []

File: 3.png Graphic file (type png)
<use 3.png>
Package pdftex.def Info: 3.png  used on input line 704.
(pdftex.def)             Requested size: 10.2964pt x 10.45424pt.

Underfull \hbox (badness 10000) in paragraph at lines 704--705

 []

File: 4.png Graphic file (type png)
<use 4.png>
Package pdftex.def Info: 4.png  used on input line 706.
(pdftex.def)             Requested size: 10.2964pt x 10.45424pt.

Underfull \hbox (badness 10000) in paragraph at lines 706--707

 []

File: 4.png Graphic file (type png)
<use 4.png>
Package pdftex.def Info: 4.png  used on input line 708.
(pdftex.def)             Requested size: 10.2964pt x 10.45424pt.

Underfull \hbox (badness 10000) in paragraph at lines 708--709

 []

File: 4.png Graphic file (type png)
<use 4.png>
Package pdftex.def Info: 4.png  used on input line 710.
(pdftex.def)             Requested size: 10.2964pt x 10.45424pt.

Underfull \hbox (badness 10000) in paragraph at lines 710--711

 []

File: 5.png Graphic file (type png)
<use 5.png>
Package pdftex.def Info: 5.png  used on input line 712.
(pdftex.def)             Requested size: 10.2964pt x 10.29585pt.

Underfull \hbox (badness 10000) in paragraph at lines 712--713

 []

File: 5.png Graphic file (type png)
<use 5.png>
Package pdftex.def Info: 5.png  used on input line 714.
(pdftex.def)             Requested size: 10.2964pt x 10.29585pt.

Underfull \hbox (badness 10000) in paragraph at lines 714--715

 []

File: 3.png Graphic file (type png)
<use 3.png>
Package pdftex.def Info: 3.png  used on input line 718.
(pdftex.def)             Requested size: 10.2964pt x 10.45424pt.

Underfull \hbox (badness 10000) in paragraph at lines 718--719

 []

File: 3.png Graphic file (type png)
<use 3.png>
Package pdftex.def Info: 3.png  used on input line 720.
(pdftex.def)             Requested size: 10.2964pt x 10.45424pt.

Underfull \hbox (badness 10000) in paragraph at lines 720--721

 []

File: 3.png Graphic file (type png)
<use 3.png>
Package pdftex.def Info: 3.png  used on input line 722.
(pdftex.def)             Requested size: 10.2964pt x 10.45424pt.

Underfull \hbox (badness 10000) in paragraph at lines 722--723

 []

File: 3.png Graphic file (type png)
<use 3.png>
Package pdftex.def Info: 3.png  used on input line 724.
(pdftex.def)             Requested size: 10.2964pt x 10.45424pt.

Underfull \hbox (badness 10000) in paragraph at lines 724--725

 []

File: 3.png Graphic file (type png)
<use 3.png>
Package pdftex.def Info: 3.png  used on input line 726.
(pdftex.def)             Requested size: 10.2964pt x 10.45424pt.

Underfull \hbox (badness 10000) in paragraph at lines 726--727

 []

File: 4.png Graphic file (type png)
<use 4.png>
Package pdftex.def Info: 4.png  used on input line 728.
(pdftex.def)             Requested size: 10.2964pt x 10.45424pt.

Underfull \hbox (badness 10000) in paragraph at lines 728--729

 []

File: 4.png Graphic file (type png)
<use 4.png>
Package pdftex.def Info: 4.png  used on input line 730.
(pdftex.def)             Requested size: 10.2964pt x 10.45424pt.

Underfull \hbox (badness 10000) in paragraph at lines 730--731

 []

File: 4.png Graphic file (type png)
<use 4.png>
Package pdftex.def Info: 4.png  used on input line 732.
(pdftex.def)             Requested size: 10.2964pt x 10.45424pt.

Underfull \hbox (badness 10000) in paragraph at lines 732--733

 []

File: 5.png Graphic file (type png)
<use 5.png>
Package pdftex.def Info: 5.png  used on input line 734.
(pdftex.def)             Requested size: 10.2964pt x 10.29585pt.

Underfull \hbox (badness 10000) in paragraph at lines 734--735

 []

File: 5.png Graphic file (type png)
<use 5.png>
Package pdftex.def Info: 5.png  used on input line 736.
(pdftex.def)             Requested size: 10.2964pt x 10.29585pt.

Underfull \hbox (badness 10000) in paragraph at lines 736--737

 []

[10] (./tickets.aux)
Package rerunfilecheck Info: File `tickets.out' has not changed.
(rerunfilecheck)             Checksum: D41D8CD98F00B204E9800998ECF8427E;0.
 ) 
Here is how much of TeX's memory you used:
 12314 strings out of 478268
 188035 string characters out of 5846347
 506676 words of memory out of 5000000
 30364 multiletter control sequences out of 15000+600000
 470968 words of font info for 31 fonts, out of 8000000 for 9000
 1141 hyphenation exceptions out of 8191
 60i,6n,63p,493b,341s stack positions out of 10000i,1000n,20000p,200000b,200000s
{/usr/local/texlive/2022/texmf-dist/fonts/enc/dvips/cm-super/cm-super-t2a.enc
}</usr/local/texlive/2022/texmf-dist/fonts/type1/public/cm-super/sfrm1000.pfb><
/usr/local/texlive/2022/texmf-dist/fonts/type1/public/cm-super/sfrm1440.pfb>
Output written on tickets.pdf (10 pages, 62273 bytes).
PDF statistics:
 67 PDF objects out of 1000 (max. 8388607)
 47 compressed objects within 1 object stream
 11 named destinations out of 1000 (max. 500000)
 16 words of extra memory for PDF output out of 10000 (max. 10000000)

